#
# A fatal error has been detected by the Java Runtime Environment:
#
#  SIGSEGV (0xb) at pc=0x0000000103dcc308, pid=14599, tid=10499
#
# JRE version: Java(TM) SE Runtime Environment (7.0_71-b14) (build 1.7.0_71-b14)
# Java VM: Java HotSpot(TM) 64-Bit Server VM (24.71-b01 mixed mode bsd-amd64 compressed oops)
# Problematic frame:
# V  [libjvm.dylib+0x490308]  SignatureIterator::expect(char)+0x14
#
# Failed to write core dump. Core dumps have been disabled. To enable core dumping, try "ulimit -c unlimited" before starting Java again
#
# If you would like to submit a bug report, please visit:
#   http://bugreport.sun.com/bugreport/crash.jsp
#

---------------  T H R E A D  ---------------

Current thread (0x00007f9c9284c800):  VMThread [stack: 0x000000010bd46000,0x000000010be46000] [id=10499]

siginfo:si_signo=SIGSEGV: si_errno=0, si_code=1 (SEGV_MAPERR), si_addr=0x000000000000000a

Registers:
RAX=0x0000000000000000, RBX=0x000000010be45298, RCX=0x0000000000000000, RDX=0x0000000000000000
RSP=0x000000010be45150, RBP=0x000000010be45260, RSI=0x0000000000000028, RDI=0x000000010be45298
R8 =0x00000000000004ab, R9 =0x000000008a000000, R10=0x000000000000014f, R11=0xfffffffffffff108
R12=0x000000010be45298, R13=0x0000000000005358, R14=0x0000000000000001, R15=0x000000010be45880
RIP=0x0000000103dcc308, EFLAGS=0x0000000000010206, ERR=0x0000000000000004
  TRAPNO=0x000000000000000e

Top of Stack: (sp=0x000000010be45150)
0x000000010be45150:   00000007baeaafa0 00000007bb208848
0x000000010be45160:   00000007bb208848 00000007bb208848
0x000000010be45170:   00000007bb341d90 00000007bb341d90
0x000000010be45180:   00000007bb341d90 00000007bbc0e4d8
0x000000010be45190:   00000007bae2bd00 00000007bb4f7690
0x000000010be451a0:   00000007bb4f8030 00000007bb4f8030
0x000000010be451b0:   00000007bb37e1c0 00000007bb8a1fe0
0x000000010be451c0:   00000007bb5ccfe8 00000007bb209160
0x000000010be451d0:   00000007bae2b458 00000007bb7d1c98
0x000000010be451e0:   00000007bb6b0120 00000007bb126300
0x000000010be451f0:   00000007bb126688 00000007bb126688
0x000000010be45200:   00000007bb724e70 00000007bb1e2b58
0x000000010be45210:   00000007bb1bf350 00000007baeb3000
0x000000010be45220:   00000007baeb34c8 00000007baeb34c8
0x000000010be45230:   000000010be45260 0000000103dcc154
0x000000010be45240:   00000007bb60dc68 000000010be45298
0x000000010be45250:   0000000000000000 000000010be45298
0x000000010be45260:   000000010be45280 0000000103dcc400
0x000000010be45270:   0000000000000000 00000000000004ab
0x000000010be45280:   000000010be45700 0000000103bb9356
0x000000010be45290:   00000007bb3cd5e8 00000001040a0120
0x000000010be452a0:   0000000000000000 0000000000000000
0x000000010be452b0:   0000000100000004 000000010be456d0
0x000000010be452c0:   0000000000000000 4fffffff4fffffff
0x000000010be452d0:   000000012fffffff 00000000ffffffdb
0x000000010be452e0:   000000010be45710 00007fff970fd006
0x000000010be452f0:   00000007baecf828 00000007bbbd0368
0x000000010be45300:   00000007bb3898c0 00000007bb1c4998
0x000000010be45310:   00000007bb69e398 00000007bb051710
0x000000010be45320:   00000007bbbccc48 00000007bb90bfa0
0x000000010be45330:   00000007bb90c268 00000007bb90c268
0x000000010be45340:   000000010be453a0 00007fff970f2d5d 

Instructions: (pc=0x0000000103dcc308)
0x0000000103dcc2e8:   df 48 83 c4 08 5b 5d e9 7c ff ff ff 55 48 89 e5
0x0000000103dcc2f8:   53 48 81 ec 08 01 00 00 48 63 47 10 48 8b 4f 08
0x0000000103dcc308:   40 38 74 01 0a 48 89 fb 74 39 40 0f be d6 48 8d
0x0000000103dcc318:   bd f0 fe ff ff 48 8d 35 01 f1 0e 00 30 c0 e8 4d 

Register to memory mapping:

RAX=0x0000000000000000 is an unknown value
RBX=0x000000010be45298 is an unknown value
RCX=0x0000000000000000 is an unknown value
RDX=0x0000000000000000 is an unknown value
RSP=0x000000010be45150 is an unknown value
RBP=0x000000010be45260 is an unknown value
RSI=0x0000000000000028 is an unknown value
RDI=0x000000010be45298 is an unknown value
R8 =0x00000000000004ab is an unknown value
R9 =0x000000008a000000 is an unknown value
R10=0x000000000000014f is an unknown value
R11=0xfffffffffffff108 is an unknown value
R12=0x000000010be45298 is an unknown value
R13=0x0000000000005358 is an unknown value
R14=0x0000000000000001 is an unknown value
R15=0x000000010be45880 is an unknown value


Stack: [0x000000010bd46000,0x000000010be46000],  sp=0x000000010be45150,  free space=1020k
Native frames: (J=compiled Java code, j=interpreted, Vv=VM code, C=native code)
V  [libjvm.dylib+0x490308]  SignatureIterator::expect(char)+0x14
V  [libjvm.dylib+0x490400]  SignatureIterator::iterate_returntype()+0x20
V  [libjvm.dylib+0x27d356]  GenerateOopMap::do_method(int, int, int, int)+0x74
V  [libjvm.dylib+0x27ee91]  GenerateOopMap::interp_bb(BasicBlock*)+0xa5
V  [libjvm.dylib+0x27f0af]  GenerateOopMap::interp_all()+0x31
V  [libjvm.dylib+0x27f536]  GenerateOopMap::do_interpretation()+0x44
V  [libjvm.dylib+0x27f8ca]  GenerateOopMap::compute_map(Thread*)+0x1c6
V  [libjvm.dylib+0x41933e]  OopMapForCacheEntry::compute_map(Thread*)+0xb0
V  [libjvm.dylib+0x41949d]  OopMapCacheEntry::fill(methodHandle, int)+0xb1
V  [libjvm.dylib+0x41970a]  OopMapCache::lookup(methodHandle, int, InterpreterOopMap*)+0x126
V  [libjvm.dylib+0x525d05]  interpretedVFrame::locals() const+0x91
V  [libjvm.dylib+0x377035]  VM_GetOrSetLocal::doit()+0x22f
V  [libjvm.dylib+0x53300b]  VM_Operation::evaluate()+0x4f
V  [libjvm.dylib+0x53166f]  VMThread::evaluate_operation(VM_Operation*)+0xdf
V  [libjvm.dylib+0x531abc]  VMThread::loop()+0x328
V  [libjvm.dylib+0x5313e3]  VMThread::run()+0x79
V  [libjvm.dylib+0x420e02]  java_start(Thread*)+0x126
C  [libsystem_pthread.dylib+0x32fc]  _pthread_body+0x83
C  [libsystem_pthread.dylib+0x3279]  _pthread_body+0x0
C  [libsystem_pthread.dylib+0x14b1]  thread_start+0xd

VM_Operation (0x000000010da9e958): GetOrSetLocal, mode: safepoint, requested by thread 0x00007f9c92027800


---------------  P R O C E S S  ---------------

Java Threads: ( => current thread )
  0x00007f9c931be800 JavaThread "ReaderThread" [_thread_in_native, id=21511, stack(0x000000010e626000,0x000000010e726000)]
  0x00007f9c9300e000 JavaThread "Service Thread" daemon [_thread_blocked, id=19203, stack(0x000000010deae000,0x000000010dfae000)]
  0x00007f9c9300d000 JavaThread "C2 CompilerThread1" daemon [_thread_blocked, id=18691, stack(0x000000010ddab000,0x000000010deab000)]
  0x00007f9c92856000 JavaThread "C2 CompilerThread0" daemon [_thread_blocked, id=18179, stack(0x000000010dca8000,0x000000010dda8000)]
  0x00007f9c92028800 JavaThread "JDWP Command Reader" daemon [_thread_in_native, id=17667, stack(0x000000010dba5000,0x000000010dca5000)]
  0x00007f9c92855800 JavaThread "JDWP Event Helper Thread" daemon [_thread_blocked, id=17155, stack(0x000000010daa2000,0x000000010dba2000)]
  0x00007f9c92027800 JavaThread "JDWP Transport Listener: dt_socket" daemon [_thread_blocked, id=16643, stack(0x000000010d99f000,0x000000010da9f000)]
  0x00007f9c92027000 JavaThread "Signal Dispatcher" daemon [_thread_blocked, id=13335, stack(0x000000010d896000,0x000000010d996000)]
  0x00007f9c92850000 JavaThread "Finalizer" daemon [_thread_blocked, id=11523, stack(0x000000010bf4c000,0x000000010c04c000)]
  0x00007f9c9284f000 JavaThread "Reference Handler" daemon [_thread_blocked, id=11011, stack(0x000000010be49000,0x000000010bf49000)]
  0x00007f9c93800000 JavaThread "main" [_thread_blocked, id=4867, stack(0x0000000104c01000,0x0000000104d01000)]

Other Threads:
=>0x00007f9c9284c800 VMThread [stack: 0x000000010bd46000,0x000000010be46000] [id=10499]
  0x00007f9c93817800 WatcherThread [stack: 0x000000010dfb1000,0x000000010e0b1000] [id=19715]

VM state:at safepoint (normal execution)

VM Mutex/Monitor currently owned by a thread:  ([mutex/lock_event])
[0x00007f9c91d139e0] Threads_lock - owner thread: 0x00007f9c9284c800

Heap
 PSYoungGen      total 19456K, used 9651K [0x00000007eaa80000, 0x00000007ed080000, 0x0000000800000000)
  eden space 16896K, 42% used [0x00000007eaa80000,0x00000007eb170140,0x00000007ebb00000)
  from space 2560K, 99% used [0x00000007ebb00000,0x00000007ebd7cb40,0x00000007ebd80000)
  to   space 2560K, 0% used [0x00000007ece00000,0x00000007ece00000,0x00000007ed080000)
 ParOldGen       total 43520K, used 4931K [0x00000007c0000000, 0x00000007c2a80000, 0x00000007eaa80000)
  object space 43520K, 11% used [0x00000007c0000000,0x00000007c04d0eb0,0x00000007c2a80000)
 PSPermGen       total 21504K, used 14696K [0x00000007bae00000, 0x00000007bc300000, 0x00000007c0000000)
  object space 21504K, 68% used [0x00000007bae00000,0x00000007bbc5a260,0x00000007bc300000)

Card table byte_map: [0x0000000107e09000,0x0000000108033000] byte_map_base: 0x0000000104032000

Polling page: 0x00000001043f0000

Code Cache  [0x0000000104d49000, 0x0000000104fb9000, 0x0000000107d49000)
 total_blobs=421 nmethods=129 adapters=254 free_code_cache=48375Kb largest_free_block=49505600

Compilation events (10 events):
Event: 3.267 Thread 0x00007f9c9300d000 nmethod 124 0x0000000104df3790 code [0x0000000104df38e0, 0x0000000104df3978]
Event: 3.267 Thread 0x00007f9c92856000 nmethod 125 0x0000000104df3590 code [0x0000000104df36c0, 0x0000000104df3718]
Event: 3.269 Thread 0x00007f9c92856000  126             org.apache.xmlbeans.QNameSetBuilder::removeAllMatchingFirstOnly (62 bytes)
Event: 3.279 Thread 0x00007f9c92856000 nmethod 126 0x0000000104e08bd0 code [0x0000000104e08d80, 0x0000000104e09288]
Event: 3.304 Thread 0x00007f9c9300d000  127             sun.security.provider.SHA::implCompress (491 bytes)
Event: 3.339 Thread 0x00007f9c9300d000 nmethod 127 0x0000000104e0a610 code [0x0000000104e0a780, 0x0000000104e0b268]
Event: 3.361 Thread 0x00007f9c92856000  128             java.util.Properties$LineReader::readLine (452 bytes)
Event: 3.379 Thread 0x00007f9c9300d000  129             java.lang.String::lastIndexOf (13 bytes)
Event: 3.382 Thread 0x00007f9c92856000 nmethod 128 0x0000000104e119d0 code [0x0000000104e11b80, 0x0000000104e12418]
Event: 3.382 Thread 0x00007f9c9300d000 nmethod 129 0x0000000104e0a1d0 code [0x0000000104e0a320, 0x0000000104e0a4e8]

GC Heap History (6 events):
Event: 1.557 GC heap before
{Heap before GC invocations=1 (full 0):
 PSYoungGen      total 19456K, used 16896K [0x00000007eaa80000, 0x00000007ec000000, 0x0000000800000000)
  eden space 16896K, 100% used [0x00000007eaa80000,0x00000007ebb00000,0x00000007ebb00000)
  from space 2560K, 0% used [0x00000007ebd80000,0x00000007ebd80000,0x00000007ec000000)
  to   space 2560K, 0% used [0x00000007ebb00000,0x00000007ebb00000,0x00000007ebd80000)
 ParOldGen       total 43520K, used 0K [0x00000007c0000000, 0x00000007c2a80000, 0x00000007eaa80000)
  object space 43520K, 0% used [0x00000007c0000000,0x00000007c0000000,0x00000007c2a80000)
 PSPermGen       total 21504K, used 8038K [0x00000007bae00000, 0x00000007bc300000, 0x00000007c0000000)
  object space 21504K, 37% used [0x00000007bae00000,0x00000007bb5d9b10,0x00000007bc300000)
Event: 1.567 GC heap after
Heap after GC invocations=1 (full 0):
 PSYoungGen      total 19456K, used 2551K [0x00000007eaa80000, 0x00000007ec000000, 0x0000000800000000)
  eden space 16896K, 0% used [0x00000007eaa80000,0x00000007eaa80000,0x00000007ebb00000)
  from space 2560K, 99% used [0x00000007ebb00000,0x00000007ebd7dcc0,0x00000007ebd80000)
  to   space 2560K, 0% used [0x00000007ebd80000,0x00000007ebd80000,0x00000007ec000000)
 ParOldGen       total 43520K, used 842K [0x00000007c0000000, 0x00000007c2a80000, 0x00000007eaa80000)
  object space 43520K, 1% used [0x00000007c0000000,0x00000007c00d2a78,0x00000007c2a80000)
 PSPermGen       total 21504K, used 8038K [0x00000007bae00000, 0x00000007bc300000, 0x00000007c0000000)
  object space 21504K, 37% used [0x00000007bae00000,0x00000007bb5d9b10,0x00000007bc300000)
}
Event: 2.223 GC heap before
{Heap before GC invocations=2 (full 0):
 PSYoungGen      total 19456K, used 19447K [0x00000007eaa80000, 0x00000007ec000000, 0x0000000800000000)
  eden space 16896K, 100% used [0x00000007eaa80000,0x00000007ebb00000,0x00000007ebb00000)
  from space 2560K, 99% used [0x00000007ebb00000,0x00000007ebd7dcc0,0x00000007ebd80000)
  to   space 2560K, 0% used [0x00000007ebd80000,0x00000007ebd80000,0x00000007ec000000)
 ParOldGen       total 43520K, used 842K [0x00000007c0000000, 0x00000007c2a80000, 0x00000007eaa80000)
  object space 43520K, 1% used [0x00000007c0000000,0x00000007c00d2a78,0x00000007c2a80000)
 PSPermGen       total 21504K, used 11064K [0x00000007bae00000, 0x00000007bc300000, 0x00000007c0000000)
  object space 21504K, 51% used [0x00000007bae00000,0x00000007bb8ce3b8,0x00000007bc300000)
Event: 2.233 GC heap after
Heap after GC invocations=2 (full 0):
 PSYoungGen      total 19456K, used 2546K [0x00000007eaa80000, 0x00000007ed080000, 0x0000000800000000)
  eden space 16896K, 0% used [0x00000007eaa80000,0x00000007eaa80000,0x00000007ebb00000)
  from space 2560K, 99% used [0x00000007ebd80000,0x00000007ebffc9d0,0x00000007ec000000)
  to   space 2560K, 0% used [0x00000007ebb00000,0x00000007ebb00000,0x00000007ebd80000)
 ParOldGen       total 43520K, used 1917K [0x00000007c0000000, 0x00000007c2a80000, 0x00000007eaa80000)
  object space 43520K, 4% used [0x00000007c0000000,0x00000007c01df778,0x00000007c2a80000)
 PSPermGen       total 21504K, used 11064K [0x00000007bae00000, 0x00000007bc300000, 0x00000007c0000000)
  object space 21504K, 51% used [0x00000007bae00000,0x00000007bb8ce3b8,0x00000007bc300000)
}
Event: 3.026 GC heap before
{Heap before GC invocations=3 (full 0):
 PSYoungGen      total 19456K, used 19442K [0x00000007eaa80000, 0x00000007ed080000, 0x0000000800000000)
  eden space 16896K, 100% used [0x00000007eaa80000,0x00000007ebb00000,0x00000007ebb00000)
  from space 2560K, 99% used [0x00000007ebd80000,0x00000007ebffc9d0,0x00000007ec000000)
  to   space 2560K, 0% used [0x00000007ebb00000,0x00000007ebb00000,0x00000007ebd80000)
 ParOldGen       total 43520K, used 1917K [0x00000007c0000000, 0x00000007c2a80000, 0x00000007eaa80000)
  object space 43520K, 4% used [0x00000007c0000000,0x00000007c01df778,0x00000007c2a80000)
 PSPermGen       total 21504K, used 13344K [0x00000007bae00000, 0x00000007bc300000, 0x00000007c0000000)
  object space 21504K, 62% used [0x00000007bae00000,0x00000007bbb08028,0x00000007bc300000)
Event: 3.043 GC heap after
Heap after GC invocations=3 (full 0):
 PSYoungGen      total 19456K, used 2546K [0x00000007eaa80000, 0x00000007ed080000, 0x0000000800000000)
  eden space 16896K, 0% used [0x00000007eaa80000,0x00000007eaa80000,0x00000007ebb00000)
  from space 2560K, 99% used [0x00000007ebb00000,0x00000007ebd7cb40,0x00000007ebd80000)
  to   space 2560K, 0% used [0x00000007ece00000,0x00000007ece00000,0x00000007ed080000)
 ParOldGen       total 43520K, used 4931K [0x00000007c0000000, 0x00000007c2a80000, 0x00000007eaa80000)
  object space 43520K, 11% used [0x00000007c0000000,0x00000007c04d0eb0,0x00000007c2a80000)
 PSPermGen       total 21504K, used 13344K [0x00000007bae00000, 0x00000007bc300000, 0x00000007c0000000)
  object space 21504K, 62% used [0x00000007bae00000,0x00000007bbb08028,0x00000007bc300000)
}

Deoptimization events (10 events):
Event: 0.798 Thread 0x00007f9c93800000 Uncommon trap: reason=class_check action=maybe_recompile pc=0x0000000104dabcf0 method=java.lang.String.equals(Ljava/lang/Object;)Z @ 8
Event: 0.798 Thread 0x00007f9c93800000 Uncommon trap: reason=class_check action=maybe_recompile pc=0x0000000104dabcf0 method=java.lang.String.equals(Ljava/lang/Object;)Z @ 8
Event: 0.798 Thread 0x00007f9c93800000 Uncommon trap: reason=class_check action=maybe_recompile pc=0x0000000104dabcf0 method=java.lang.String.equals(Ljava/lang/Object;)Z @ 8
Event: 1.031 Thread 0x00007f9c93800000 Uncommon trap: reason=null_check action=make_not_entrant pc=0x0000000104db4958 method=java.lang.String.equals(Ljava/lang/Object;)Z @ 8
Event: 1.333 Thread 0x00007f9c93800000 Uncommon trap: reason=unreached action=reinterpret pc=0x0000000104dbf064 method=java.util.HashMap.get(Ljava/lang/Object;)Ljava/lang/Object; @ 1
Event: 2.364 Thread 0x00007f9c93800000 Uncommon trap: reason=class_check action=maybe_recompile pc=0x0000000104dbbd08 method=java.util.Properties$LineReader.readLine()I @ 62
Event: 2.365 Thread 0x00007f9c93800000 Uncommon trap: reason=class_check action=maybe_recompile pc=0x0000000104dbbd08 method=java.util.Properties$LineReader.readLine()I @ 62
Event: 2.786 Thread 0x00007f9c93800000 Uncommon trap: reason=unreached action=reinterpret pc=0x0000000104dfb7e8 method=java.net.URL.<init>(Ljava/net/URL;Ljava/lang/String;Ljava/net/URLStreamHandler;)V @ 233
Event: 3.237 Thread 0x00007f9c93800000 Uncommon trap: reason=unreached action=reinterpret pc=0x0000000104dbd004 method=java.util.HashMap.getEntry(Ljava/lang/Object;)Ljava/util/HashMap$Entry; @ 10
Event: 3.330 Thread 0x00007f9c93800000 Uncommon trap: reason=range_check action=none pc=0x0000000104dc022c method=sun.reflect.generics.parser.SignatureParser.current()C @ 34

Internal exceptions (10 events):
Event: 3.380 Thread 0x00007f9c93800000 Threw 0x00000007eb0f7ec8 at /HUDSON/workspace/7u-2-build-macosx-x86_64/jdk7u71/1605/hotspot/src/share/vm/prims/jvm.cpp:1281
Event: 3.381 Thread 0x00007f9c93800000 Threw 0x00000007eb0fd018 at /HUDSON/workspace/7u-2-build-macosx-x86_64/jdk7u71/1605/hotspot/src/share/vm/prims/jvm.cpp:1281
Event: 3.381 Thread 0x00007f9c93800000 Threw 0x00000007eb102168 at /HUDSON/workspace/7u-2-build-macosx-x86_64/jdk7u71/1605/hotspot/src/share/vm/prims/jvm.cpp:1281
Event: 3.382 Thread 0x00007f9c93800000 Threw 0x00000007eb107178 at /HUDSON/workspace/7u-2-build-macosx-x86_64/jdk7u71/1605/hotspot/src/share/vm/prims/jvm.cpp:1281
Event: 3.382 Thread 0x00007f9c93800000 Threw 0x00000007eb10c188 at /HUDSON/workspace/7u-2-build-macosx-x86_64/jdk7u71/1605/hotspot/src/share/vm/prims/jvm.cpp:1281
Event: 3.383 Thread 0x00007f9c93800000 Threw 0x00000007eb1112d0 at /HUDSON/workspace/7u-2-build-macosx-x86_64/jdk7u71/1605/hotspot/src/share/vm/prims/jvm.cpp:1281
Event: 3.384 Thread 0x00007f9c93800000 Threw 0x00000007eb116548 at /HUDSON/workspace/7u-2-build-macosx-x86_64/jdk7u71/1605/hotspot/src/share/vm/prims/jvm.cpp:1281
Event: 3.387 Thread 0x00007f9c93800000 Threw 0x00000007eb11f5b0 at /HUDSON/workspace/7u-2-build-macosx-x86_64/jdk7u71/1605/hotspot/src/share/vm/prims/jvm.cpp:1281
Event: 3.400 Thread 0x00007f9c93800000 Threw 0x00000007eb126fb0 at /HUDSON/workspace/7u-2-build-macosx-x86_64/jdk7u71/1605/hotspot/src/share/vm/prims/jvm.cpp:1281
Event: 3.404 Thread 0x00007f9c93800000 Threw 0x00000007eb1385c0 at /HUDSON/workspace/7u-2-build-macosx-x86_64/jdk7u71/1605/hotspot/src/share/vm/prims/jvm.cpp:1281

Events (10 events):
Event: 374.977 Executing VM operation: ChangeBreakpoints done
Event: 374.986 Executing VM operation: EnterInterpOnlyMode
Event: 374.986 Executing VM operation: EnterInterpOnlyMode done
Event: 374.986 Executing VM operation: GetCurrentLocation
Event: 374.986 Executing VM operation: GetCurrentLocation done
Event: 374.986 Executing VM operation: ChangeSingleStep
Event: 374.986 Executing VM operation: ChangeSingleStep done
Event: 374.987 Executing VM operation: ChangeSingleStep
Event: 374.987 Executing VM operation: ChangeSingleStep done
Event: 375.583 Executing VM operation: GetOrSetLocal


Dynamic libraries:
0x0000000008e0f000 	/System/Library/Frameworks/Cocoa.framework/Versions/A/Cocoa
0x0000000008e0f000 	/System/Library/Frameworks/Security.framework/Versions/A/Security
0x0000000008e0f000 	/System/Library/Frameworks/ApplicationServices.framework/Versions/A/ApplicationServices
0x0000000008e0f000 	/usr/lib/libz.1.dylib
0x0000000008e0f000 	/usr/lib/libSystem.B.dylib
0x0000000008e0f000 	/usr/lib/libobjc.A.dylib
0x0000000008e0f000 	/System/Library/Frameworks/CoreFoundation.framework/Versions/A/CoreFoundation
0x0000000008e0f000 	/System/Library/Frameworks/Foundation.framework/Versions/C/Foundation
0x0000000008e0f000 	/System/Library/Frameworks/AppKit.framework/Versions/C/AppKit
0x0000000008e0f000 	/System/Library/Frameworks/CoreData.framework/Versions/A/CoreData
0x0000000008e0f000 	/System/Library/PrivateFrameworks/RemoteViewServices.framework/Versions/A/RemoteViewServices
0x0000000008e0f000 	/System/Library/PrivateFrameworks/UIFoundation.framework/Versions/A/UIFoundation
0x0000000008e0f000 	/System/Library/Frameworks/IOSurface.framework/Versions/A/IOSurface
0x0000000008e0f000 	/System/Library/Frameworks/AudioToolbox.framework/Versions/A/AudioToolbox
0x0000000008e0f000 	/System/Library/Frameworks/AudioUnit.framework/Versions/A/AudioUnit
0x0000000008e0f000 	/System/Library/PrivateFrameworks/DataDetectorsCore.framework/Versions/A/DataDetectorsCore
0x0000000008e0f000 	/System/Library/PrivateFrameworks/DesktopServicesPriv.framework/Versions/A/DesktopServicesPriv
0x0000000008e0f000 	/System/Library/Frameworks/Carbon.framework/Versions/A/Frameworks/HIToolbox.framework/Versions/A/HIToolbox
0x0000000008e0f000 	/System/Library/Frameworks/QuartzCore.framework/Versions/A/QuartzCore
0x0000000008e0f000 	/System/Library/Frameworks/Carbon.framework/Versions/A/Frameworks/SpeechRecognition.framework/Versions/A/SpeechRecognition
0x0000000008e0f000 	/usr/lib/libauto.dylib
0x0000000008e0f000 	/usr/lib/libicucore.A.dylib
0x0000000008e0f000 	/usr/lib/libxml2.2.dylib
0x0000000008e0f000 	/System/Library/PrivateFrameworks/CoreUI.framework/Versions/A/CoreUI
0x0000000008e0f000 	/System/Library/Frameworks/CoreAudio.framework/Versions/A/CoreAudio
0x0000000008e0f000 	/System/Library/Frameworks/DiskArbitration.framework/Versions/A/DiskArbitration
0x0000000008e0f000 	/usr/lib/liblangid.dylib
0x0000000008e0f000 	/System/Library/PrivateFrameworks/MultitouchSupport.framework/Versions/A/MultitouchSupport
0x0000000008e0f000 	/System/Library/Frameworks/IOKit.framework/Versions/A/IOKit
0x0000000008e0f000 	/usr/lib/libDiagnosticMessagesClient.dylib
0x0000000008e0f000 	/System/Library/Frameworks/CoreServices.framework/Versions/A/CoreServices
0x0000000008e0f000 	/System/Library/PrivateFrameworks/PerformanceAnalysis.framework/Versions/A/PerformanceAnalysis
0x0000000008e0f000 	/System/Library/PrivateFrameworks/GenerationalStorage.framework/Versions/A/GenerationalStorage
0x0000000008e0f000 	/System/Library/Frameworks/OpenGL.framework/Versions/A/OpenGL
0x0000000008e0f000 	/System/Library/PrivateFrameworks/Sharing.framework/Versions/A/Sharing
0x0000000008e0f000 	/System/Library/Frameworks/CoreGraphics.framework/Versions/A/CoreGraphics
0x0000000008e0f000 	/System/Library/Frameworks/CoreText.framework/Versions/A/CoreText
0x0000000008e0f000 	/System/Library/Frameworks/ImageIO.framework/Versions/A/ImageIO
0x0000000008e0f000 	/usr/lib/libextension.dylib
0x0000000008e0f000 	/System/Library/PrivateFrameworks/Backup.framework/Versions/A/Backup
0x0000000008e0f000 	/usr/lib/libarchive.2.dylib
0x0000000008e0f000 	/System/Library/Frameworks/CFNetwork.framework/Versions/A/CFNetwork
0x0000000008e0f000 	/System/Library/Frameworks/SystemConfiguration.framework/Versions/A/SystemConfiguration
0x0000000008e0f000 	/usr/lib/libCRFSuite.dylib
0x0000000008e0f000 	/usr/lib/libc++.1.dylib
0x0000000008e0f000 	/usr/lib/libc++abi.dylib
0x0000000008e0f000 	/usr/lib/system/libcache.dylib
0x0000000008e0f000 	/usr/lib/system/libcommonCrypto.dylib
0x0000000008e0f000 	/usr/lib/system/libcompiler_rt.dylib
0x0000000008e0f000 	/usr/lib/system/libcopyfile.dylib
0x0000000008e0f000 	/usr/lib/system/libcorecrypto.dylib
0x0000000008e0f000 	/usr/lib/system/libdispatch.dylib
0x0000000008e0f000 	/usr/lib/system/libdyld.dylib
0x0000000008e0f000 	/usr/lib/system/libkeymgr.dylib
0x0000000008e0f000 	/usr/lib/system/liblaunch.dylib
0x0000000008e0f000 	/usr/lib/system/libmacho.dylib
0x0000000008e0f000 	/usr/lib/system/libquarantine.dylib
0x0000000008e0f000 	/usr/lib/system/libremovefile.dylib
0x0000000008e0f000 	/usr/lib/system/libsystem_asl.dylib
0x0000000008e0f000 	/usr/lib/system/libsystem_blocks.dylib
0x0000000008e0f000 	/usr/lib/system/libsystem_c.dylib
0x0000000008e0f000 	/usr/lib/system/libsystem_configuration.dylib
0x0000000008e0f000 	/usr/lib/system/libsystem_coreservices.dylib
0x0000000008e0f000 	/usr/lib/system/libsystem_coretls.dylib
0x0000000008e0f000 	/usr/lib/system/libsystem_dnssd.dylib
0x0000000008e0f000 	/usr/lib/system/libsystem_info.dylib
0x0000000008e0f000 	/usr/lib/system/libsystem_kernel.dylib
0x0000000008e0f000 	/usr/lib/system/libsystem_m.dylib
0x0000000008e0f000 	/usr/lib/system/libsystem_malloc.dylib
0x0000000008e0f000 	/usr/lib/system/libsystem_network.dylib
0x0000000008e0f000 	/usr/lib/system/libsystem_networkextension.dylib
0x0000000008e0f000 	/usr/lib/system/libsystem_notify.dylib
0x0000000008e0f000 	/usr/lib/system/libsystem_platform.dylib
0x0000000008e0f000 	/usr/lib/system/libsystem_pthread.dylib
0x0000000008e0f000 	/usr/lib/system/libsystem_sandbox.dylib
0x0000000008e0f000 	/usr/lib/system/libsystem_secinit.dylib
0x0000000008e0f000 	/usr/lib/system/libsystem_stats.dylib
0x0000000008e0f000 	/usr/lib/system/libsystem_trace.dylib
0x0000000008e0f000 	/usr/lib/system/libunc.dylib
0x0000000008e0f000 	/usr/lib/system/libunwind.dylib
0x0000000008e0f000 	/usr/lib/system/libxpc.dylib
0x0000000008e0f000 	/usr/lib/libbz2.1.0.dylib
0x0000000008e0f000 	/usr/lib/liblzma.5.dylib
0x0000000008e0f000 	/usr/lib/libbsm.0.dylib
0x0000000008e0f000 	/usr/lib/libsqlite3.dylib
0x0000000008e0f000 	/usr/lib/system/libkxld.dylib
0x0000000008e0f000 	/usr/lib/libxar.1.dylib
0x0000000008e0f000 	/usr/lib/libpam.2.dylib
0x0000000008e0f000 	/usr/lib/libOpenScriptingUtil.dylib
0x0000000008e0f000 	/System/Library/Frameworks/CoreServices.framework/Versions/A/Frameworks/FSEvents.framework/Versions/A/FSEvents
0x0000000008e0f000 	/System/Library/Frameworks/CoreServices.framework/Versions/A/Frameworks/CarbonCore.framework/Versions/A/CarbonCore
0x0000000008e0f000 	/System/Library/Frameworks/CoreServices.framework/Versions/A/Frameworks/Metadata.framework/Versions/A/Metadata
0x0000000008e0f000 	/System/Library/Frameworks/CoreServices.framework/Versions/A/Frameworks/OSServices.framework/Versions/A/OSServices
0x0000000008e0f000 	/System/Library/Frameworks/CoreServices.framework/Versions/A/Frameworks/SearchKit.framework/Versions/A/SearchKit
0x0000000008e0f000 	/System/Library/Frameworks/CoreServices.framework/Versions/A/Frameworks/AE.framework/Versions/A/AE
0x0000000008e0f000 	/System/Library/Frameworks/CoreServices.framework/Versions/A/Frameworks/LaunchServices.framework/Versions/A/LaunchServices
0x0000000008e0f000 	/System/Library/Frameworks/CoreServices.framework/Versions/A/Frameworks/DictionaryServices.framework/Versions/A/DictionaryServices
0x0000000008e0f000 	/System/Library/Frameworks/NetFS.framework/Versions/A/NetFS
0x0000000008e0f000 	/System/Library/PrivateFrameworks/NetAuth.framework/Versions/A/NetAuth
0x0000000008e0f000 	/System/Library/PrivateFrameworks/login.framework/Versions/A/Frameworks/loginsupport.framework/Versions/A/loginsupport
0x0000000008e0f000 	/System/Library/PrivateFrameworks/TCC.framework/Versions/A/TCC
0x0000000008e0f000 	/usr/lib/libmecabra.dylib
0x0000000008e0f000 	/System/Library/PrivateFrameworks/LanguageModeling.framework/Versions/A/LanguageModeling
0x0000000008e0f000 	/usr/lib/libcmph.dylib
0x0000000008e0f000 	/usr/lib/libiconv.2.dylib
0x0000000008e0f000 	/System/Library/Frameworks/OpenDirectory.framework/Versions/A/Frameworks/CFOpenDirectory.framework/Versions/A/CFOpenDirectory
0x0000000008e0f000 	/System/Library/Frameworks/ServiceManagement.framework/Versions/A/ServiceManagement
0x0000000008e0f000 	/usr/lib/libxslt.1.dylib
0x0000000008e0f000 	/System/Library/Frameworks/Carbon.framework/Versions/A/Frameworks/Ink.framework/Versions/A/Ink
0x0000000008e0f000 	/System/Library/Frameworks/ApplicationServices.framework/Versions/A/Frameworks/ATS.framework/Versions/A/ATS
0x0000000008e0f000 	/System/Library/Frameworks/ApplicationServices.framework/Versions/A/Frameworks/ColorSync.framework/Versions/A/ColorSync
0x0000000008e0f000 	/System/Library/Frameworks/ApplicationServices.framework/Versions/A/Frameworks/HIServices.framework/Versions/A/HIServices
0x0000000008e0f000 	/System/Library/Frameworks/ApplicationServices.framework/Versions/A/Frameworks/LangAnalysis.framework/Versions/A/LangAnalysis
0x0000000008e0f000 	/System/Library/Frameworks/ApplicationServices.framework/Versions/A/Frameworks/PrintCore.framework/Versions/A/PrintCore
0x0000000008e0f000 	/System/Library/Frameworks/ApplicationServices.framework/Versions/A/Frameworks/QD.framework/Versions/A/QD
0x0000000008e0f000 	/System/Library/Frameworks/ApplicationServices.framework/Versions/A/Frameworks/SpeechSynthesis.framework/Versions/A/SpeechSynthesis
0x0000000008e0f000 	/System/Library/Frameworks/Accelerate.framework/Versions/A/Accelerate
0x0000000008e0f000 	/System/Library/Frameworks/Accelerate.framework/Versions/A/Frameworks/vImage.framework/Versions/A/vImage
0x0000000008e0f000 	/System/Library/Frameworks/Accelerate.framework/Versions/A/Frameworks/vecLib.framework/Versions/A/vecLib
0x0000000008e0f000 	/System/Library/Frameworks/Accelerate.framework/Versions/A/Frameworks/vecLib.framework/Versions/A/libvDSP.dylib
0x0000000008e0f000 	/System/Library/Frameworks/Accelerate.framework/Versions/A/Frameworks/vecLib.framework/Versions/A/libvMisc.dylib
0x0000000008e0f000 	/System/Library/Frameworks/Accelerate.framework/Versions/A/Frameworks/vecLib.framework/Versions/A/libLAPACK.dylib
0x0000000008e0f000 	/System/Library/Frameworks/Accelerate.framework/Versions/A/Frameworks/vecLib.framework/Versions/A/libBLAS.dylib
0x0000000008e0f000 	/System/Library/Frameworks/Accelerate.framework/Versions/A/Frameworks/vecLib.framework/Versions/A/libLinearAlgebra.dylib
0x0000000008e0f000 	/System/Library/Frameworks/ApplicationServices.framework/Versions/A/Frameworks/ATS.framework/Versions/A/Resources/libFontParser.dylib
0x0000000008e0f000 	/System/Library/Frameworks/ApplicationServices.framework/Versions/A/Frameworks/ATS.framework/Versions/A/Resources/libFontRegistry.dylib
0x0000000008e0f000 	/System/Library/PrivateFrameworks/AppleVPA.framework/Versions/A/AppleVPA
0x0000000008e0f000 	/System/Library/PrivateFrameworks/AppleJPEG.framework/Versions/A/AppleJPEG
0x0000000008e0f000 	/System/Library/Frameworks/ImageIO.framework/Versions/A/Resources/libJPEG.dylib
0x0000000008e0f000 	/System/Library/Frameworks/ImageIO.framework/Versions/A/Resources/libTIFF.dylib
0x0000000008e0f000 	/System/Library/Frameworks/ImageIO.framework/Versions/A/Resources/libPng.dylib
0x0000000008e0f000 	/System/Library/Frameworks/ImageIO.framework/Versions/A/Resources/libGIF.dylib
0x0000000008e0f000 	/System/Library/Frameworks/ImageIO.framework/Versions/A/Resources/libJP2.dylib
0x0000000008e0f000 	/System/Library/Frameworks/ImageIO.framework/Versions/A/Resources/libRadiance.dylib
0x0000000008e0f000 	/System/Library/Frameworks/CoreVideo.framework/Versions/A/CoreVideo
0x0000000008e0f000 	/System/Library/Frameworks/OpenGL.framework/Versions/A/Libraries/libGLU.dylib
0x0000000008e0f000 	/System/Library/Frameworks/OpenGL.framework/Versions/A/Libraries/libGFXShared.dylib
0x0000000008e0f000 	/System/Library/Frameworks/OpenGL.framework/Versions/A/Libraries/libGL.dylib
0x0000000008e0f000 	/System/Library/Frameworks/OpenGL.framework/Versions/A/Libraries/libGLImage.dylib
0x0000000008e0f000 	/System/Library/Frameworks/OpenGL.framework/Versions/A/Libraries/libCVMSPluginSupport.dylib
0x0000000008e0f000 	/System/Library/Frameworks/OpenGL.framework/Versions/A/Libraries/libCoreVMClient.dylib
0x0000000008e0f000 	/usr/lib/libcups.2.dylib
0x0000000008e0f000 	/System/Library/Frameworks/Kerberos.framework/Versions/A/Kerberos
0x0000000008e0f000 	/System/Library/Frameworks/GSS.framework/Versions/A/GSS
0x0000000008e0f000 	/usr/lib/libresolv.9.dylib
0x0000000008e0f000 	/System/Library/PrivateFrameworks/Heimdal.framework/Versions/A/Heimdal
0x0000000008e0f000 	/usr/lib/libheimdal-asn1.dylib
0x0000000008e0f000 	/System/Library/Frameworks/OpenDirectory.framework/Versions/A/OpenDirectory
0x0000000008e0f000 	/System/Library/PrivateFrameworks/CommonAuth.framework/Versions/A/CommonAuth
0x0000000008e0f000 	/System/Library/Frameworks/SecurityFoundation.framework/Versions/A/SecurityFoundation
0x0000000008e0f000 	/System/Library/Frameworks/QuartzCore.framework/Versions/A/Frameworks/CoreImage.framework/Versions/A/CoreImage
0x0000000008e0f000 	/System/Library/PrivateFrameworks/CrashReporterSupport.framework/Versions/A/CrashReporterSupport
0x0000000008e0f000 	/System/Library/Frameworks/OpenCL.framework/Versions/A/OpenCL
0x0000000008e0f000 	/System/Library/PrivateFrameworks/FaceCore.framework/Versions/A/FaceCore
0x0000000008e0f000 	/System/Library/PrivateFrameworks/Ubiquity.framework/Versions/A/Ubiquity
0x0000000008e0f000 	/System/Library/PrivateFrameworks/IconServices.framework/Versions/A/IconServices
0x0000000008e0f000 	/System/Library/PrivateFrameworks/ChunkingLibrary.framework/Versions/A/ChunkingLibrary
0x0000000008e0f000 	/System/Library/PrivateFrameworks/Apple80211.framework/Versions/A/Apple80211
0x0000000008e0f000 	/System/Library/Frameworks/CoreWLAN.framework/Versions/A/CoreWLAN
0x0000000008e0f000 	/System/Library/Frameworks/IOBluetooth.framework/Versions/A/IOBluetooth
0x0000000008e0f000 	/System/Library/PrivateFrameworks/CoreWiFi.framework/Versions/A/CoreWiFi
0x0000000008e0f000 	/System/Library/Frameworks/CoreBluetooth.framework/Versions/A/CoreBluetooth
0x0000000008e0f000 	/System/Library/PrivateFrameworks/DebugSymbols.framework/Versions/A/DebugSymbols
0x0000000008e0f000 	/System/Library/PrivateFrameworks/CoreSymbolication.framework/Versions/A/CoreSymbolication
0x0000000008e0f000 	/System/Library/PrivateFrameworks/Symbolication.framework/Versions/A/Symbolication
0x0000000008e0f000 	/System/Library/PrivateFrameworks/SpeechRecognitionCore.framework/Versions/A/SpeechRecognitionCore
0x000000010393c000 	/Library/Java/JavaVirtualMachines/jdk1.7.0_71.jdk/Contents/Home/jre/lib/server/libjvm.dylib
0x0000000008e0f000 	/usr/lib/libstdc++.6.dylib
0x00000001043b3000 	/Library/Java/JavaVirtualMachines/jdk1.7.0_71.jdk/Contents/Home/jre/lib/libverify.dylib
0x00000001043c0000 	/Library/Java/JavaVirtualMachines/jdk1.7.0_71.jdk/Contents/Home/jre/lib/libjava.dylib
0x0000000104d03000 	/Library/Java/JavaVirtualMachines/jdk1.7.0_71.jdk/Contents/Home/jre/lib/libjdwp.dylib
0x00000001043f1000 	/Library/Java/JavaVirtualMachines/jdk1.7.0_71.jdk/Contents/Home/jre/lib/libnpt.dylib
0x0000000104d40000 	/Library/Java/JavaVirtualMachines/jdk1.7.0_71.jdk/Contents/Home/jre/lib/libzip.dylib
0x000000010c04e000 	/System/Library/Frameworks/JavaVM.framework/Frameworks/JavaRuntimeSupport.framework/JavaRuntimeSupport
0x000000010c066000 	/System/Library/Frameworks/JavaVM.framework/Versions/A/Frameworks/JavaNativeFoundation.framework/Versions/A/JavaNativeFoundation
0x000000010c07b000 	/System/Library/Frameworks/JavaVM.framework/Versions/A/JavaVM
0x0000000008e0f000 	/System/Library/Frameworks/Carbon.framework/Versions/A/Carbon
0x000000010c088000 	/System/Library/PrivateFrameworks/JavaLaunching.framework/Versions/A/JavaLaunching
0x0000000008e0f000 	/System/Library/Frameworks/Carbon.framework/Versions/A/Frameworks/CommonPanels.framework/Versions/A/CommonPanels
0x0000000008e0f000 	/System/Library/Frameworks/Carbon.framework/Versions/A/Frameworks/Help.framework/Versions/A/Help
0x0000000008e0f000 	/System/Library/Frameworks/Carbon.framework/Versions/A/Frameworks/ImageCapture.framework/Versions/A/ImageCapture
0x0000000008e0f000 	/System/Library/Frameworks/Carbon.framework/Versions/A/Frameworks/OpenScripting.framework/Versions/A/OpenScripting
0x0000000008e0f000 	/System/Library/Frameworks/Carbon.framework/Versions/A/Frameworks/Print.framework/Versions/A/Print
0x0000000008e0f000 	/System/Library/Frameworks/Carbon.framework/Versions/A/Frameworks/SecurityHI.framework/Versions/A/SecurityHI
0x000000010d998000 	/Library/Java/JavaVirtualMachines/jdk1.7.0_71.jdk/Contents/Home/jre/lib/libdt_socket.dylib
0x000000010e5c7000 	/Library/Java/JavaVirtualMachines/jdk1.7.0_71.jdk/Contents/Home/jre/lib/libnet.dylib
0x000000010e129000 	/Library/Java/JavaVirtualMachines/jdk1.7.0_71.jdk/Contents/Home/jre/lib/libnio.dylib

VM Arguments:
jvm_args: -agentlib:jdwp=transport=dt_socket,suspend=y,address=localhost:54832 -ea -Dfile.encoding=UTF-8 
java_command: org.testng.remote.RemoteTestNG -serport 54831 -d /Users/waightstillavery/git/Toyota/test-output /Users/waightstillavery/git/Toyota/src/test/resources/apps/toyota/testNG_XMLs/ChangeZipCode.xml
Launcher Type: SUN_STANDARD

Environment Variables:
PATH=/usr/bin:/bin:/usr/sbin:/sbin
SHELL=/bin/bash

Signal Handlers:
SIGSEGV: [libjvm.dylib+0x52c49d], sa_mask[0]=0xfffefeff, sa_flags=0x00000043
SIGBUS: [libjvm.dylib+0x52c49d], sa_mask[0]=0xfffefeff, sa_flags=0x00000042
SIGFPE: [libjvm.dylib+0x41e53a], sa_mask[0]=0xfffefeff, sa_flags=0x00000042
SIGPIPE: [libjvm.dylib+0x41e53a], sa_mask[0]=0xfffefeff, sa_flags=0x00000042
SIGXFSZ: [libjvm.dylib+0x41e53a], sa_mask[0]=0xfffefeff, sa_flags=0x00000042
SIGILL: [libjvm.dylib+0x41e53a], sa_mask[0]=0xfffefeff, sa_flags=0x00000042
SIGUSR1: SIG_DFL, sa_mask[0]=0x00000000, sa_flags=0x00000000
SIGUSR2: [libjvm.dylib+0x41e02c], sa_mask[0]=0x00000004, sa_flags=0x00000042
SIGHUP: [libjvm.dylib+0x41c2bd], sa_mask[0]=0xfffefeff, sa_flags=0x00000042
SIGINT: [libjvm.dylib+0x41c2bd], sa_mask[0]=0xfffefeff, sa_flags=0x00000042
SIGTERM: [libjvm.dylib+0x41c2bd], sa_mask[0]=0xfffefeff, sa_flags=0x00000042
SIGQUIT: [libjvm.dylib+0x41c2bd], sa_mask[0]=0xfffefeff, sa_flags=0x00000042


---------------  S Y S T E M  ---------------

OS:Bsduname:Darwin 14.0.0 Darwin Kernel Version 14.0.0: Fri Sep 19 00:26:44 PDT 2014; root:xnu-2782.1.97~2/RELEASE_X86_64 x86_64
rlimit: STACK 8192k, CORE 0k, NPROC 709, NOFILE 10240, AS infinity
load average:4.17 3.89 3.84

CPU:total 4 (2 cores per cpu, 2 threads per core) family 6 model 37 stepping 2, cmov, cx8, fxsr, mmx, sse, sse2, sse3, ssse3, sse4.1, sse4.2, popcnt, aes, ht, tsc, tscinvbit

Memory: 4k page, physical 4194304k(1048576k free)

/proc/meminfo:


vm_info: Java HotSpot(TM) 64-Bit Server VM (24.71-b01) for bsd-amd64 JRE (1.7.0_71-b14), built on Sep 26 2014 16:11:44 by "java_re" with gcc 4.2.1 (Based on Apple Inc. build 5658) (LLVM build 2336.11.00)

time: Wed Mar 11 07:09:18 2015
elapsed time: 375 seconds

